Considering library net.minecraftforge:forge:1.7.10-10.13.4.1448-1.7.10: Not Downloading
Considering library net.minecraft:launchwrapper:1.11: Not Downloading
Considering library org.ow2.asm:asm-all:5.0.3: Not Downloading
Considering library com.typesafe.akka:akka-actor_2.11:2.3.3
Checking "/home/zyy/.minecraft/libraries/com/typesafe/akka/akka-actor_2.11/2.3.3/akka-actor_2.11-2.3.3.jar" internal checksums
    checksums.sha1 validated successfully
    Jar contents validated successfully
Considering library com.typesafe:config:1.2.1
Checking "/home/zyy/.minecraft/libraries/com/typesafe/config/1.2.1/config-1.2.1.jar" internal checksums
    checksums.sha1 validated successfully
    Jar contents validated successfully
Considering library org.scala-lang:scala-actors-migration_2.11:1.1.0
Checking "/home/zyy/.minecraft/libraries/org/scala-lang/scala-actors-migration_2.11/1.1.0/scala-actors-migration_2.11-1.1.0.jar" internal checksums
    checksums.sha1 validated successfully
    Jar contents validated successfully
Considering library org.scala-lang:scala-compiler:2.11.1
Checking "/home/zyy/.minecraft/libraries/org/scala-lang/scala-compiler/2.11.1/scala-compiler-2.11.1.jar" internal checksums
    checksums.sha1 validated successfully
    Jar contents validated successfully
Considering library org.scala-lang.plugins:scala-continuations-library_2.11:1.0.2
Checking "/home/zyy/.minecraft/libraries/org/scala-lang/plugins/scala-continuations-library_2.11/1.0.2/scala-continuations-library_2.11-1.0.2.jar" internal checksums
    checksums.sha1 validated successfully
    Jar contents validated successfully
Considering library org.scala-lang.plugins:scala-continuations-plugin_2.11.1:1.0.2
Checking "/home/zyy/.minecraft/libraries/org/scala-lang/plugins/scala-continuations-plugin_2.11.1/1.0.2/scala-continuations-plugin_2.11.1-1.0.2.jar" internal checksums
    checksums.sha1 validated successfully
    Jar contents validated successfully
Considering library org.scala-lang:scala-library:2.11.1
Checking "/home/zyy/.minecraft/libraries/org/scala-lang/scala-library/2.11.1/scala-library-2.11.1.jar" internal checksums
    checksums.sha1 validated successfully
    Jar contents validated successfully
Considering library org.scala-lang:scala-parser-combinators_2.11:1.0.1
Checking "/home/zyy/.minecraft/libraries/org/scala-lang/scala-parser-combinators_2.11/1.0.1/scala-parser-combinators_2.11-1.0.1.jar" internal checksums
    checksums.sha1 validated successfully
    Jar contents validated successfully
Considering library org.scala-lang:scala-reflect:2.11.1
Checking "/home/zyy/.minecraft/libraries/org/scala-lang/scala-reflect/2.11.1/scala-reflect-2.11.1.jar" internal checksums
    checksums.sha1 validated successfully
    Jar contents validated successfully
Considering library org.scala-lang:scala-swing_2.11:1.0.1
Checking "/home/zyy/.minecraft/libraries/org/scala-lang/scala-swing_2.11/1.0.1/scala-swing_2.11-1.0.1.jar" internal checksums
    checksums.sha1 validated successfully
    Jar contents validated successfully
Considering library org.scala-lang:scala-xml_2.11:1.0.2
Checking "/home/zyy/.minecraft/libraries/org/scala-lang/scala-xml_2.11/1.0.2/scala-xml_2.11-1.0.2.jar" internal checksums
    checksums.sha1 validated successfully
    Jar contents validated successfully
Considering library lzma:lzma:0.0.1: Not Downloading
Considering library net.sf.jopt-simple:jopt-simple:4.5: Not Downloading
Considering library com.google.guava:guava:17.0: Not Downloading
Considering library org.apache.commons:commons-lang3:3.3.2: Not Downloading
